{"total": {"lines":{"total":1884,"covered":1883,"skipped":0,"pct":99.95},"statements":{"total":3764,"covered":1884,"skipped":0,"pct":50.05},"functions":{"total":1881,"covered":2,"skipped":0,"pct":0.11},"branches":{"total":0,"covered":0,"skipped":0,"pct":100}}
,"/Users/taimoor.khan/programming/own/storybook/react-native-icon-collection/src/icon/icon.tsx": {"lines":{"total":3,"covered":3,"skipped":0,"pct":100},"functions":{"total":1,"covered":1,"skipped":0,"pct":100},"statements":{"total":3,"covered":3,"skipped":0,"pct":100},"branches":{"total":0,"covered":0,"skipped":0,"pct":100}}
,"/Users/taimoor.khan/programming/own/storybook/react-native-icon-collection/src/icon/index.ts": {"lines":{"total":0,"covered":0,"skipped":0,"pct":100},"functions":{"total":0,"covered":0,"skipped":0,"pct":100},"statements":{"total":0,"covered":0,"skipped":0,"pct":100},"branches":{"total":0,"covered":0,"skipped":0,"pct":100}}
,"/Users/taimoor.khan/programming/own/storybook/react-native-icon-collection/src/utils/index.ts": {"lines":{"total":1,"covered":0,"skipped":0,"pct":0},"functions":{"total":0,"covered":0,"skipped":0,"pct":100},"statements":{"total":1,"covered":0,"skipped":0,"pct":0},"branches":{"total":0,"covered":0,"skipped":0,"pct":100}}
,"/Users/taimoor.khan/programming/own/storybook/react-native-icon-collection/src/xml/blockchain-color.ts": {"lines":{"total":50,"covered":50,"skipped":0,"pct":100},"functions":{"total":50,"covered":1,"skipped":0,"pct":2},"statements":{"total":100,"covered":51,"skipped":0,"pct":51},"branches":{"total":0,"covered":0,"skipped":0,"pct":100}}
,"/Users/taimoor.khan/programming/own/storybook/react-native-icon-collection/src/xml/blockchain-grey.ts": {"lines":{"total":50,"covered":50,"skipped":0,"pct":100},"functions":{"total":50,"covered":0,"skipped":0,"pct":0},"statements":{"total":100,"covered":50,"skipped":0,"pct":50},"branches":{"total":0,"covered":0,"skipped":0,"pct":100}}
,"/Users/taimoor.khan/programming/own/storybook/react-native-icon-collection/src/xml/brands-grey.ts": {"lines":{"total":676,"covered":676,"skipped":0,"pct":100},"functions":{"total":676,"covered":0,"skipped":0,"pct":0},"statements":{"total":1352,"covered":676,"skipped":0,"pct":50},"branches":{"total":0,"covered":0,"skipped":0,"pct":100}}
,"/Users/taimoor.khan/programming/own/storybook/react-native-icon-collection/src/xml/business-color.ts": {"lines":{"total":40,"covered":40,"skipped":0,"pct":100},"functions":{"total":40,"covered":0,"skipped":0,"pct":0},"statements":{"total":80,"covered":40,"skipped":0,"pct":50},"branches":{"total":0,"covered":0,"skipped":0,"pct":100}}
,"/Users/taimoor.khan/programming/own/storybook/react-native-icon-collection/src/xml/business-grey.ts": {"lines":{"total":20,"covered":20,"skipped":0,"pct":100},"functions":{"total":20,"covered":0,"skipped":0,"pct":0},"statements":{"total":40,"covered":20,"skipped":0,"pct":50},"branches":{"total":0,"covered":0,"skipped":0,"pct":100}}
,"/Users/taimoor.khan/programming/own/storybook/react-native-icon-collection/src/xml/food-dishes-color.ts": {"lines":{"total":15,"covered":15,"skipped":0,"pct":100},"functions":{"total":15,"covered":0,"skipped":0,"pct":0},"statements":{"total":30,"covered":15,"skipped":0,"pct":50},"branches":{"total":0,"covered":0,"skipped":0,"pct":100}}
,"/Users/taimoor.khan/programming/own/storybook/react-native-icon-collection/src/xml/fourthofjuly-grey.ts": {"lines":{"total":40,"covered":40,"skipped":0,"pct":100},"functions":{"total":40,"covered":0,"skipped":0,"pct":0},"statements":{"total":80,"covered":40,"skipped":0,"pct":50},"branches":{"total":0,"covered":0,"skipped":0,"pct":100}}
,"/Users/taimoor.khan/programming/own/storybook/react-native-icon-collection/src/xml/green-energy-color.ts": {"lines":{"total":32,"covered":32,"skipped":0,"pct":100},"functions":{"total":32,"covered":0,"skipped":0,"pct":0},"statements":{"total":64,"covered":32,"skipped":0,"pct":50},"branches":{"total":0,"covered":0,"skipped":0,"pct":100}}
,"/Users/taimoor.khan/programming/own/storybook/react-native-icon-collection/src/xml/helmet-grey.ts": {"lines":{"total":32,"covered":32,"skipped":0,"pct":100},"functions":{"total":32,"covered":0,"skipped":0,"pct":0},"statements":{"total":64,"covered":32,"skipped":0,"pct":50},"branches":{"total":0,"covered":0,"skipped":0,"pct":100}}
,"/Users/taimoor.khan/programming/own/storybook/react-native-icon-collection/src/xml/home-color.ts": {"lines":{"total":16,"covered":16,"skipped":0,"pct":100},"functions":{"total":16,"covered":0,"skipped":0,"pct":0},"statements":{"total":32,"covered":16,"skipped":0,"pct":50},"branches":{"total":0,"covered":0,"skipped":0,"pct":100}}
,"/Users/taimoor.khan/programming/own/storybook/react-native-icon-collection/src/xml/home-grey.ts": {"lines":{"total":16,"covered":16,"skipped":0,"pct":100},"functions":{"total":16,"covered":0,"skipped":0,"pct":0},"statements":{"total":32,"covered":16,"skipped":0,"pct":50},"branches":{"total":0,"covered":0,"skipped":0,"pct":100}}
,"/Users/taimoor.khan/programming/own/storybook/react-native-icon-collection/src/xml/index.ts": {"lines":{"total":0,"covered":0,"skipped":0,"pct":100},"functions":{"total":0,"covered":0,"skipped":0,"pct":100},"statements":{"total":0,"covered":0,"skipped":0,"pct":100},"branches":{"total":0,"covered":0,"skipped":0,"pct":100}}
,"/Users/taimoor.khan/programming/own/storybook/react-native-icon-collection/src/xml/kitchen-color.ts": {"lines":{"total":16,"covered":16,"skipped":0,"pct":100},"functions":{"total":16,"covered":0,"skipped":0,"pct":0},"statements":{"total":32,"covered":16,"skipped":0,"pct":50},"branches":{"total":0,"covered":0,"skipped":0,"pct":100}}
,"/Users/taimoor.khan/programming/own/storybook/react-native-icon-collection/src/xml/kitchen-grey.ts": {"lines":{"total":16,"covered":16,"skipped":0,"pct":100},"functions":{"total":16,"covered":0,"skipped":0,"pct":0},"statements":{"total":32,"covered":16,"skipped":0,"pct":50},"branches":{"total":0,"covered":0,"skipped":0,"pct":100}}
,"/Users/taimoor.khan/programming/own/storybook/react-native-icon-collection/src/xml/knife-color.ts": {"lines":{"total":16,"covered":16,"skipped":0,"pct":100},"functions":{"total":16,"covered":0,"skipped":0,"pct":0},"statements":{"total":32,"covered":16,"skipped":0,"pct":50},"branches":{"total":0,"covered":0,"skipped":0,"pct":100}}
,"/Users/taimoor.khan/programming/own/storybook/react-native-icon-collection/src/xml/knife-grey.ts": {"lines":{"total":16,"covered":16,"skipped":0,"pct":100},"functions":{"total":16,"covered":0,"skipped":0,"pct":0},"statements":{"total":32,"covered":16,"skipped":0,"pct":50},"branches":{"total":0,"covered":0,"skipped":0,"pct":100}}
,"/Users/taimoor.khan/programming/own/storybook/react-native-icon-collection/src/xml/law-color.ts": {"lines":{"total":16,"covered":16,"skipped":0,"pct":100},"functions":{"total":16,"covered":0,"skipped":0,"pct":0},"statements":{"total":32,"covered":16,"skipped":0,"pct":50},"branches":{"total":0,"covered":0,"skipped":0,"pct":100}}
,"/Users/taimoor.khan/programming/own/storybook/react-native-icon-collection/src/xml/law-grey.ts": {"lines":{"total":16,"covered":16,"skipped":0,"pct":100},"functions":{"total":16,"covered":0,"skipped":0,"pct":0},"statements":{"total":32,"covered":16,"skipped":0,"pct":50},"branches":{"total":0,"covered":0,"skipped":0,"pct":100}}
,"/Users/taimoor.khan/programming/own/storybook/react-native-icon-collection/src/xml/leaf-color.ts": {"lines":{"total":16,"covered":16,"skipped":0,"pct":100},"functions":{"total":16,"covered":0,"skipped":0,"pct":0},"statements":{"total":32,"covered":16,"skipped":0,"pct":50},"branches":{"total":0,"covered":0,"skipped":0,"pct":100}}
,"/Users/taimoor.khan/programming/own/storybook/react-native-icon-collection/src/xml/leaf-grey.ts": {"lines":{"total":16,"covered":16,"skipped":0,"pct":100},"functions":{"total":16,"covered":0,"skipped":0,"pct":0},"statements":{"total":32,"covered":16,"skipped":0,"pct":50},"branches":{"total":0,"covered":0,"skipped":0,"pct":100}}
,"/Users/taimoor.khan/programming/own/storybook/react-native-icon-collection/src/xml/logistics-color.ts": {"lines":{"total":40,"covered":40,"skipped":0,"pct":100},"functions":{"total":40,"covered":0,"skipped":0,"pct":0},"statements":{"total":80,"covered":40,"skipped":0,"pct":50},"branches":{"total":0,"covered":0,"skipped":0,"pct":100}}
,"/Users/taimoor.khan/programming/own/storybook/react-native-icon-collection/src/xml/logistics-grey.ts": {"lines":{"total":20,"covered":20,"skipped":0,"pct":100},"functions":{"total":20,"covered":0,"skipped":0,"pct":0},"statements":{"total":40,"covered":20,"skipped":0,"pct":50},"branches":{"total":0,"covered":0,"skipped":0,"pct":100}}
,"/Users/taimoor.khan/programming/own/storybook/react-native-icon-collection/src/xml/lumberjack-color.ts": {"lines":{"total":16,"covered":16,"skipped":0,"pct":100},"functions":{"total":16,"covered":0,"skipped":0,"pct":0},"statements":{"total":32,"covered":16,"skipped":0,"pct":50},"branches":{"total":0,"covered":0,"skipped":0,"pct":100}}
,"/Users/taimoor.khan/programming/own/storybook/react-native-icon-collection/src/xml/lumberjack-grey.ts": {"lines":{"total":16,"covered":16,"skipped":0,"pct":100},"functions":{"total":16,"covered":0,"skipped":0,"pct":0},"statements":{"total":32,"covered":16,"skipped":0,"pct":50},"branches":{"total":0,"covered":0,"skipped":0,"pct":100}}
,"/Users/taimoor.khan/programming/own/storybook/react-native-icon-collection/src/xml/medical-grey.ts": {"lines":{"total":35,"covered":35,"skipped":0,"pct":100},"functions":{"total":35,"covered":0,"skipped":0,"pct":0},"statements":{"total":70,"covered":35,"skipped":0,"pct":50},"branches":{"total":0,"covered":0,"skipped":0,"pct":100}}
,"/Users/taimoor.khan/programming/own/storybook/react-native-icon-collection/src/xml/misc-grey.ts": {"lines":{"total":108,"covered":108,"skipped":0,"pct":100},"functions":{"total":108,"covered":0,"skipped":0,"pct":0},"statements":{"total":216,"covered":108,"skipped":0,"pct":50},"branches":{"total":0,"covered":0,"skipped":0,"pct":100}}
,"/Users/taimoor.khan/programming/own/storybook/react-native-icon-collection/src/xml/mobile-ui-grey.ts": {"lines":{"total":32,"covered":32,"skipped":0,"pct":100},"functions":{"total":32,"covered":0,"skipped":0,"pct":0},"statements":{"total":64,"covered":32,"skipped":0,"pct":50},"branches":{"total":0,"covered":0,"skipped":0,"pct":100}}
,"/Users/taimoor.khan/programming/own/storybook/react-native-icon-collection/src/xml/music-color.ts": {"lines":{"total":16,"covered":16,"skipped":0,"pct":100},"functions":{"total":16,"covered":0,"skipped":0,"pct":0},"statements":{"total":32,"covered":16,"skipped":0,"pct":50},"branches":{"total":0,"covered":0,"skipped":0,"pct":100}}
,"/Users/taimoor.khan/programming/own/storybook/react-native-icon-collection/src/xml/music-grey.ts": {"lines":{"total":16,"covered":16,"skipped":0,"pct":100},"functions":{"total":16,"covered":0,"skipped":0,"pct":0},"statements":{"total":32,"covered":16,"skipped":0,"pct":50},"branches":{"total":0,"covered":0,"skipped":0,"pct":100}}
,"/Users/taimoor.khan/programming/own/storybook/react-native-icon-collection/src/xml/office-color.ts": {"lines":{"total":40,"covered":40,"skipped":0,"pct":100},"functions":{"total":40,"covered":0,"skipped":0,"pct":0},"statements":{"total":80,"covered":40,"skipped":0,"pct":50},"branches":{"total":0,"covered":0,"skipped":0,"pct":100}}
,"/Users/taimoor.khan/programming/own/storybook/react-native-icon-collection/src/xml/office-grey.ts": {"lines":{"total":20,"covered":20,"skipped":0,"pct":100},"functions":{"total":20,"covered":0,"skipped":0,"pct":0},"statements":{"total":40,"covered":20,"skipped":0,"pct":50},"branches":{"total":0,"covered":0,"skipped":0,"pct":100}}
,"/Users/taimoor.khan/programming/own/storybook/react-native-icon-collection/src/xml/security-color.ts": {"lines":{"total":16,"covered":16,"skipped":0,"pct":100},"functions":{"total":16,"covered":0,"skipped":0,"pct":0},"statements":{"total":32,"covered":16,"skipped":0,"pct":50},"branches":{"total":0,"covered":0,"skipped":0,"pct":100}}
,"/Users/taimoor.khan/programming/own/storybook/react-native-icon-collection/src/xml/security-grey.ts": {"lines":{"total":16,"covered":16,"skipped":0,"pct":100},"functions":{"total":16,"covered":0,"skipped":0,"pct":0},"statements":{"total":32,"covered":16,"skipped":0,"pct":50},"branches":{"total":0,"covered":0,"skipped":0,"pct":100}}
,"/Users/taimoor.khan/programming/own/storybook/react-native-icon-collection/src/xml/shopping-color.ts": {"lines":{"total":16,"covered":16,"skipped":0,"pct":100},"functions":{"total":16,"covered":0,"skipped":0,"pct":0},"statements":{"total":32,"covered":16,"skipped":0,"pct":50},"branches":{"total":0,"covered":0,"skipped":0,"pct":100}}
,"/Users/taimoor.khan/programming/own/storybook/react-native-icon-collection/src/xml/shopping-grey.ts": {"lines":{"total":16,"covered":16,"skipped":0,"pct":100},"functions":{"total":16,"covered":0,"skipped":0,"pct":0},"statements":{"total":32,"covered":16,"skipped":0,"pct":50},"branches":{"total":0,"covered":0,"skipped":0,"pct":100}}
,"/Users/taimoor.khan/programming/own/storybook/react-native-icon-collection/src/xml/skull-color.ts": {"lines":{"total":16,"covered":16,"skipped":0,"pct":100},"functions":{"total":16,"covered":0,"skipped":0,"pct":0},"statements":{"total":32,"covered":16,"skipped":0,"pct":50},"branches":{"total":0,"covered":0,"skipped":0,"pct":100}}
,"/Users/taimoor.khan/programming/own/storybook/react-native-icon-collection/src/xml/skull-grey.ts": {"lines":{"total":16,"covered":16,"skipped":0,"pct":100},"functions":{"total":16,"covered":0,"skipped":0,"pct":0},"statements":{"total":32,"covered":16,"skipped":0,"pct":50},"branches":{"total":0,"covered":0,"skipped":0,"pct":100}}
,"/Users/taimoor.khan/programming/own/storybook/react-native-icon-collection/src/xml/space-color.ts": {"lines":{"total":16,"covered":16,"skipped":0,"pct":100},"functions":{"total":16,"covered":0,"skipped":0,"pct":0},"statements":{"total":32,"covered":16,"skipped":0,"pct":50},"branches":{"total":0,"covered":0,"skipped":0,"pct":100}}
,"/Users/taimoor.khan/programming/own/storybook/react-native-icon-collection/src/xml/space-grey.ts": {"lines":{"total":16,"covered":16,"skipped":0,"pct":100},"functions":{"total":16,"covered":0,"skipped":0,"pct":0},"statements":{"total":32,"covered":16,"skipped":0,"pct":50},"branches":{"total":0,"covered":0,"skipped":0,"pct":100}}
,"/Users/taimoor.khan/programming/own/storybook/react-native-icon-collection/src/xml/spring-color.ts": {"lines":{"total":16,"covered":16,"skipped":0,"pct":100},"functions":{"total":16,"covered":0,"skipped":0,"pct":0},"statements":{"total":32,"covered":16,"skipped":0,"pct":50},"branches":{"total":0,"covered":0,"skipped":0,"pct":100}}
,"/Users/taimoor.khan/programming/own/storybook/react-native-icon-collection/src/xml/spring-grey.ts": {"lines":{"total":16,"covered":16,"skipped":0,"pct":100},"functions":{"total":16,"covered":0,"skipped":0,"pct":0},"statements":{"total":32,"covered":16,"skipped":0,"pct":50},"branches":{"total":0,"covered":0,"skipped":0,"pct":100}}
,"/Users/taimoor.khan/programming/own/storybook/react-native-icon-collection/src/xml/sweet-17-color.ts": {"lines":{"total":25,"covered":25,"skipped":0,"pct":100},"functions":{"total":25,"covered":0,"skipped":0,"pct":0},"statements":{"total":50,"covered":25,"skipped":0,"pct":50},"branches":{"total":0,"covered":0,"skipped":0,"pct":100}}
,"/Users/taimoor.khan/programming/own/storybook/react-native-icon-collection/src/xml/sweet-17-grey.ts": {"lines":{"total":25,"covered":25,"skipped":0,"pct":100},"functions":{"total":25,"covered":0,"skipped":0,"pct":0},"statements":{"total":50,"covered":25,"skipped":0,"pct":50},"branches":{"total":0,"covered":0,"skipped":0,"pct":100}}
,"/Users/taimoor.khan/programming/own/storybook/react-native-icon-collection/src/xml/time-color.ts": {"lines":{"total":16,"covered":16,"skipped":0,"pct":100},"functions":{"total":16,"covered":0,"skipped":0,"pct":0},"statements":{"total":32,"covered":16,"skipped":0,"pct":50},"branches":{"total":0,"covered":0,"skipped":0,"pct":100}}
,"/Users/taimoor.khan/programming/own/storybook/react-native-icon-collection/src/xml/time-grey.ts": {"lines":{"total":16,"covered":16,"skipped":0,"pct":100},"functions":{"total":16,"covered":0,"skipped":0,"pct":0},"statements":{"total":32,"covered":16,"skipped":0,"pct":50},"branches":{"total":0,"covered":0,"skipped":0,"pct":100}}
,"/Users/taimoor.khan/programming/own/storybook/react-native-icon-collection/src/xml/travel-color.ts": {"lines":{"total":16,"covered":16,"skipped":0,"pct":100},"functions":{"total":16,"covered":0,"skipped":0,"pct":0},"statements":{"total":32,"covered":16,"skipped":0,"pct":50},"branches":{"total":0,"covered":0,"skipped":0,"pct":100}}
,"/Users/taimoor.khan/programming/own/storybook/react-native-icon-collection/src/xml/travel-grey.ts": {"lines":{"total":16,"covered":16,"skipped":0,"pct":100},"functions":{"total":16,"covered":0,"skipped":0,"pct":0},"statements":{"total":32,"covered":16,"skipped":0,"pct":50},"branches":{"total":0,"covered":0,"skipped":0,"pct":100}}
,"/Users/taimoor.khan/programming/own/storybook/react-native-icon-collection/src/xml/valentine-color.ts": {"lines":{"total":25,"covered":25,"skipped":0,"pct":100},"functions":{"total":25,"covered":0,"skipped":0,"pct":0},"statements":{"total":50,"covered":25,"skipped":0,"pct":50},"branches":{"total":0,"covered":0,"skipped":0,"pct":100}}
,"/Users/taimoor.khan/programming/own/storybook/react-native-icon-collection/src/xml/valentine-grey.ts": {"lines":{"total":25,"covered":25,"skipped":0,"pct":100},"functions":{"total":25,"covered":0,"skipped":0,"pct":0},"statements":{"total":50,"covered":25,"skipped":0,"pct":50},"branches":{"total":0,"covered":0,"skipped":0,"pct":100}}
,"/Users/taimoor.khan/programming/own/storybook/react-native-icon-collection/src/xml/virtual-reality-color.ts": {"lines":{"total":16,"covered":16,"skipped":0,"pct":100},"functions":{"total":16,"covered":0,"skipped":0,"pct":0},"statements":{"total":32,"covered":16,"skipped":0,"pct":50},"branches":{"total":0,"covered":0,"skipped":0,"pct":100}}
,"/Users/taimoor.khan/programming/own/storybook/react-native-icon-collection/src/xml/virtual-reality-grey.ts": {"lines":{"total":16,"covered":16,"skipped":0,"pct":100},"functions":{"total":16,"covered":0,"skipped":0,"pct":0},"statements":{"total":32,"covered":16,"skipped":0,"pct":50},"branches":{"total":0,"covered":0,"skipped":0,"pct":100}}
,"/Users/taimoor.khan/programming/own/storybook/react-native-icon-collection/src/xml/zoo-color.ts": {"lines":{"total":25,"covered":25,"skipped":0,"pct":100},"functions":{"total":25,"covered":0,"skipped":0,"pct":0},"statements":{"total":50,"covered":25,"skipped":0,"pct":50},"branches":{"total":0,"covered":0,"skipped":0,"pct":100}}
,"/Users/taimoor.khan/programming/own/storybook/react-native-icon-collection/src/xml/zoo-grey.ts": {"lines":{"total":25,"covered":25,"skipped":0,"pct":100},"functions":{"total":25,"covered":0,"skipped":0,"pct":0},"statements":{"total":50,"covered":25,"skipped":0,"pct":50},"branches":{"total":0,"covered":0,"skipped":0,"pct":100}}
}
